<?xml version="1.0" encoding="UTF-8"?>
<coverage generated="1625633167739" clover="3.2.0">
  <project timestamp="1625633167739" name="All files">
    <metrics statements="19" coveredstatements="18" conditionals="14" coveredconditionals="10" methods="5" coveredmethods="5" elements="38" coveredelements="33" complexity="0" loc="19" ncloc="19" packages="1" files="1" classes="1"/>
    <file name="util.js" path="/Volumes/Kanchan/MyTrainings/sapient/freshers-2021-jun-asde/web-works/tdd-jest/script/util.js">
      <metrics statements="19" coveredstatements="18" conditionals="14" coveredconditionals="10" methods="5" coveredmethods="5"/>
      <line num="1" count="2" type="stmt"/>
      <line num="2" count="3" type="stmt"/>
      <line num="6" count="2" type="stmt"/>
      <line num="7" count="2" type="stmt"/>
      <line num="8" count="2" type="cond" truecount="1" falsecount="1"/>
      <line num="10" count="2" type="cond" truecount="3" falsecount="1"/>
      <line num="13" count="2" type="cond" truecount="3" falsecount="1"/>
      <line num="15" count="2" type="stmt"/>
      <line num="18" count="2" type="stmt"/>
      <line num="19" count="1" type="cond" truecount="3" falsecount="1"/>
      <line num="21" count="0" type="stmt"/>
      <line num="24" count="1" type="stmt"/>
      <line num="28" count="2" type="stmt"/>
      <line num="30" count="1" type="stmt"/>
      <line num="31" count="1" type="stmt"/>
      <line num="32" count="1" type="stmt"/>
      <line num="33" count="1" type="stmt"/>
      <line num="37" count="2" type="stmt"/>
      <line num="38" count="1" type="stmt"/>
    </file>
  </project>
</coverage>
