{"/Volumes/Kanchan/MyTrainings/sapient/freshers-2021-apr-xd/workspace/tdd-jest/script/util.js": {"path":"/Volumes/Kanchan/MyTrainings/sapient/freshers-2021-apr-xd/workspace/tdd-jest/script/util.js","statementMap":{"0":{"start":{"line":1,"column":0},"end":{"line":3,"column":1}},"1":{"start":{"line":2,"column":4},"end":{"line":2,"column":40}},"2":{"start":{"line":6,"column":0},"end":{"line":16,"column":1}},"3":{"start":{"line":7,"column":4},"end":{"line":7,"column":29}},"4":{"start":{"line":8,"column":4},"end":{"line":8,"column":29}},"5":{"start":{"line":8,"column":15},"end":{"line":8,"column":28}},"6":{"start":{"line":10,"column":4},"end":{"line":10,"column":59}},"7":{"start":{"line":10,"column":45},"end":{"line":10,"column":58}},"8":{"start":{"line":13,"column":4},"end":{"line":13,"column":47}},"9":{"start":{"line":13,"column":33},"end":{"line":13,"column":46}},"10":{"start":{"line":15,"column":4},"end":{"line":15,"column":16}},"11":{"start":{"line":18,"column":0},"end":{"line":25,"column":1}},"12":{"start":{"line":19,"column":4},"end":{"line":22,"column":9}},"13":{"start":{"line":21,"column":12},"end":{"line":21,"column":25}},"14":{"start":{"line":24,"column":8},"end":{"line":24,"column":43}},"15":{"start":{"line":28,"column":0},"end":{"line":34,"column":1}},"16":{"start":{"line":30,"column":20},"end":{"line":30,"column":48}},"17":{"start":{"line":31,"column":4},"end":{"line":31,"column":36}},"18":{"start":{"line":32,"column":4},"end":{"line":32,"column":31}},"19":{"start":{"line":33,"column":4},"end":{"line":33,"column":19}}},"fnMap":{"0":{"name":"(anonymous_0)","decl":{"start":{"line":1,"column":22},"end":{"line":1,"column":23}},"loc":{"start":{"line":1,"column":37},"end":{"line":3,"column":1}},"line":1},"1":{"name":"(anonymous_1)","decl":{"start":{"line":6,"column":23},"end":{"line":6,"column":24}},"loc":{"start":{"line":6,"column":53},"end":{"line":16,"column":1}},"line":6},"2":{"name":"(anonymous_2)","decl":{"start":{"line":18,"column":30},"end":{"line":18,"column":31}},"loc":{"start":{"line":18,"column":45},"end":{"line":25,"column":1}},"line":18},"3":{"name":"(anonymous_3)","decl":{"start":{"line":28,"column":24},"end":{"line":28,"column":25}},"loc":{"start":{"line":28,"column":51},"end":{"line":34,"column":1}},"line":28}},"branchMap":{"0":{"loc":{"start":{"line":8,"column":4},"end":{"line":8,"column":29}},"type":"if","locations":[{"start":{"line":8,"column":4},"end":{"line":8,"column":29}},{"start":{"line":8,"column":4},"end":{"line":8,"column":29}}],"line":8},"1":{"loc":{"start":{"line":10,"column":4},"end":{"line":10,"column":59}},"type":"if","locations":[{"start":{"line":10,"column":4},"end":{"line":10,"column":59}},{"start":{"line":10,"column":4},"end":{"line":10,"column":59}}],"line":10},"2":{"loc":{"start":{"line":10,"column":7},"end":{"line":10,"column":42}},"type":"binary-expr","locations":[{"start":{"line":10,"column":7},"end":{"line":10,"column":15}},{"start":{"line":10,"column":19},"end":{"line":10,"column":42}}],"line":10},"3":{"loc":{"start":{"line":13,"column":4},"end":{"line":13,"column":47}},"type":"if","locations":[{"start":{"line":13,"column":4},"end":{"line":13,"column":47}},{"start":{"line":13,"column":4},"end":{"line":13,"column":47}}],"line":13},"4":{"loc":{"start":{"line":13,"column":7},"end":{"line":13,"column":31}},"type":"binary-expr","locations":[{"start":{"line":13,"column":7},"end":{"line":13,"column":15}},{"start":{"line":13,"column":19},"end":{"line":13,"column":31}}],"line":13},"5":{"loc":{"start":{"line":19,"column":4},"end":{"line":22,"column":9}},"type":"if","locations":[{"start":{"line":19,"column":4},"end":{"line":22,"column":9}},{"start":{"line":19,"column":4},"end":{"line":22,"column":9}}],"line":19},"6":{"loc":{"start":{"line":19,"column":7},"end":{"line":20,"column":47}},"type":"binary-expr","locations":[{"start":{"line":19,"column":7},"end":{"line":19,"column":44}},{"start":{"line":20,"column":8},"end":{"line":20,"column":47}}],"line":19}},"s":{"0":1,"1":1,"2":1,"3":2,"4":2,"5":0,"6":2,"7":0,"8":2,"9":0,"10":2,"11":1,"12":1,"13":0,"14":1,"15":1,"16":1,"17":1,"18":1,"19":1},"f":{"0":1,"1":2,"2":1,"3":1},"b":{"0":[0,2],"1":[0,2],"2":[2,1],"3":[0,2],"4":[2,1],"5":[0,1],"6":[1,1]},"_coverageSchema":"1a1c01bbd47fc00a2c39e90264f33305004495a9","hash":"f517cfc4d36ae969b8c806f43e39de2984179877"}
}
